<?xml version="1.0" encoding="UTF-8"?>
<testng-results ignored="0" total="1" passed="1" failed="0" skipped="0">
  <reporter-output>
  </reporter-output>
  <suite started-at="2022-10-12T17:29:57 IST" name="Default suite" finished-at="2022-10-12T17:29:59 IST" duration-ms="2024">
    <groups>
    </groups>
    <test started-at="2022-10-12T17:29:57 IST" name="Default test" finished-at="2022-10-12T17:29:59 IST" duration-ms="2024">
      <class name="crudOperationWithBDD.SampleTest">
        <test-method is-config="true" signature="bsConfig()[pri:0, instance:crudOperationWithBDD.SampleTest@6392827e]" started-at="2022-10-12T17:29:55 IST" name="bsConfig" finished-at="2022-10-12T17:29:57 IST" duration-ms="1942" status="PASS">
          <reporter-output>
          </reporter-output>
        </test-method> <!-- bsConfig -->
        <test-method signature="getallProjectTest()[pri:0, instance:crudOperationWithBDD.SampleTest@6392827e]" started-at="2022-10-12T17:29:57 IST" name="getallProjectTest" finished-at="2022-10-12T17:29:59 IST" duration-ms="1935" status="PASS">
          <reporter-output>
          </reporter-output>
        </test-method> <!-- getallProjectTest -->
        <test-method is-config="true" signature="asConfig()[pri:0, instance:crudOperationWithBDD.SampleTest@6392827e]" started-at="2022-10-12T17:29:59 IST" name="asConfig" finished-at="2022-10-12T17:29:59 IST" duration-ms="27" status="PASS">
          <reporter-output>
          </reporter-output>
        </test-method> <!-- asConfig -->
      </class> <!-- crudOperationWithBDD.SampleTest -->
    </test> <!-- Default test -->
  </suite> <!-- Default suite -->
</testng-results>
